{"level":"error","message":"This is an error message","timestamp":"2024-10-26T12:42:27.467Z"}
{"level":"error","message":"This is an error message","timestamp":"2024-10-26T12:43:13.785Z"}
{"level":"error","message":"Error while connecting database","timestamp":"2024-10-27T13:41:59.573Z"}
{"level":"error","message":"getaddrinfo ENOTFOUND mongo","reason":{"commonWireVersion":0,"compatible":true,"heartbeatFrequencyMS":10000,"localThresholdMS":15,"logicalSessionTimeoutMinutes":null,"maxElectionId":null,"maxSetVersion":null,"servers":{},"setName":null,"stale":false,"type":"Unknown"},"timestamp":"2024-10-27T13:41:59.577Z"}
{"level":"error","message":"Error while connecting database MongooseServerSelectionError: getaddrinfo ENOTFOUND mongo","timestamp":"2024-10-27T13:47:19.339Z"}
{"level":"error","message":"getaddrinfo ENOTFOUND mongo","reason":{"commonWireVersion":0,"compatible":true,"heartbeatFrequencyMS":10000,"localThresholdMS":15,"logicalSessionTimeoutMinutes":null,"maxElectionId":null,"maxSetVersion":null,"servers":{},"setName":null,"stale":false,"type":"Unknown"},"timestamp":"2024-10-27T13:47:19.343Z"}
{"level":"error","message":"Error while connecting database MongooseServerSelectionError: getaddrinfo ENOTFOUND mongo","timestamp":"2024-10-27T16:41:39.733Z"}
{"level":"error","message":"getaddrinfo ENOTFOUND mongo","reason":{"commonWireVersion":0,"compatible":true,"heartbeatFrequencyMS":10000,"localThresholdMS":15,"logicalSessionTimeoutMinutes":null,"maxElectionId":null,"maxSetVersion":null,"servers":{},"setName":null,"stale":false,"type":"Unknown"},"timestamp":"2024-10-27T16:41:39.734Z"}
{"level":"error","message":"Error while connecting database MongooseServerSelectionError: getaddrinfo ENOTFOUND mongo","timestamp":"2024-10-27T16:43:18.604Z"}
{"level":"error","message":"getaddrinfo ENOTFOUND mongo","reason":{"commonWireVersion":0,"compatible":true,"heartbeatFrequencyMS":10000,"localThresholdMS":15,"logicalSessionTimeoutMinutes":null,"maxElectionId":null,"maxSetVersion":null,"servers":{},"setName":null,"stale":false,"type":"Unknown"},"timestamp":"2024-10-27T16:43:18.606Z"}
{"level":"error","message":"Error while connecting database MongooseServerSelectionError: getaddrinfo ENOTFOUND mongo","timestamp":"2024-10-27T16:44:09.702Z"}
{"level":"error","message":"getaddrinfo ENOTFOUND mongo","reason":{"commonWireVersion":0,"compatible":true,"heartbeatFrequencyMS":10000,"localThresholdMS":15,"logicalSessionTimeoutMinutes":null,"maxElectionId":null,"maxSetVersion":null,"servers":{},"setName":null,"stale":false,"type":"Unknown"},"timestamp":"2024-10-27T16:44:09.703Z"}
{"level":"error","message":"Error while connecting database TypeError: Cannot read properties of undefined (reading 'name')","timestamp":"2024-10-27T16:49:07.191Z"}
{"level":"error","timestamp":"2024-10-27T16:49:07.191Z"}
{"level":"error","message":"Error while connecting database MongooseServerSelectionError: getaddrinfo ENOTFOUND mongo","timestamp":"2024-10-27T16:50:09.757Z"}
{"level":"error","message":"getaddrinfo ENOTFOUND mongo","reason":{"commonWireVersion":0,"compatible":true,"heartbeatFrequencyMS":10000,"localThresholdMS":15,"logicalSessionTimeoutMinutes":null,"maxElectionId":null,"maxSetVersion":null,"servers":{},"setName":null,"stale":false,"type":"Unknown"},"timestamp":"2024-10-27T16:50:09.757Z"}
{"level":"error","message":"Error while connecting database TypeError: Cannot read properties of undefined (reading 'databaseName')","timestamp":"2024-10-27T16:50:31.484Z"}
{"level":"error","timestamp":"2024-10-27T16:50:31.484Z"}
{"level":"error","message":"Error while connecting database TypeError: Cannot read properties of undefined (reading 'databaseName')","timestamp":"2024-10-27T16:50:41.001Z"}
{"level":"error","timestamp":"2024-10-27T16:50:41.002Z"}
{"level":"error","message":"Error while connecting database MongooseServerSelectionError: getaddrinfo ENOTFOUND mongo","timestamp":"2024-10-27T16:51:10.811Z"}
{"level":"error","message":"getaddrinfo ENOTFOUND mongo","reason":{"commonWireVersion":0,"compatible":true,"heartbeatFrequencyMS":10000,"localThresholdMS":15,"logicalSessionTimeoutMinutes":null,"maxElectionId":null,"maxSetVersion":null,"servers":{},"setName":null,"stale":false,"type":"Unknown"},"timestamp":"2024-10-27T16:51:10.812Z"}
{"level":"error","message":"Error while connecting database TypeError: Cannot read properties of undefined (reading 'databaseName')","timestamp":"2024-10-27T16:54:34.548Z"}
{"level":"error","timestamp":"2024-10-27T16:54:34.548Z"}
{"level":"error","message":"Error while connecting database MongooseServerSelectionError: getaddrinfo ENOTFOUND mongo","timestamp":"2024-10-27T16:55:04.366Z"}
{"level":"error","message":"getaddrinfo ENOTFOUND mongo","reason":{"commonWireVersion":0,"compatible":true,"heartbeatFrequencyMS":10000,"localThresholdMS":15,"logicalSessionTimeoutMinutes":null,"maxElectionId":null,"maxSetVersion":null,"servers":{},"setName":null,"stale":false,"type":"Unknown"},"timestamp":"2024-10-27T16:55:04.367Z"}
{"level":"error","message":"Error while connecting database MongooseServerSelectionError: getaddrinfo ENOTFOUND mongo","timestamp":"2024-10-27T16:58:03.578Z"}
{"level":"error","message":"Error while connecting database MongooseServerSelectionError: getaddrinfo ENOTFOUND mongo","timestamp":"2024-10-27T17:08:47.095Z"}
{"level":"error","message":"Error while connecting database MongooseServerSelectionError: getaddrinfo EAI_AGAIN mongo","timestamp":"2024-11-24T12:38:33.363Z"}
{"level":"error","message":"Error while connecting database MongooseServerSelectionError: getaddrinfo EAI_AGAIN mongo","timestamp":"2024-11-24T14:08:05.275Z"}
{"level":"error","message":"Error while connecting database MongooseServerSelectionError: getaddrinfo EAI_AGAIN mongo","timestamp":"2024-11-29T17:02:53.115Z"}
{"level":"error","message":"Error while connecting database MongooseServerSelectionError: getaddrinfo EAI_AGAIN mongo","timestamp":"2024-11-29T17:04:57.766Z"}
{"level":"error","message":"Error while connecting database MongooseServerSelectionError: getaddrinfo EAI_AGAIN mongo","timestamp":"2024-11-29T17:09:28.917Z"}
{"level":"error","message":"Error while connecting database MongooseServerSelectionError: getaddrinfo EAI_AGAIN mongo","timestamp":"2024-11-29T19:43:05.156Z"}
{"level":"error","message":"Error while connecting database TypeError: Cannot read properties of undefined (reading 'databaseName')","timestamp":"2024-11-29T19:47:09.253Z"}
{"level":"error","message":"Error while connecting database TypeError: Cannot read properties of undefined (reading 'databaseName')","timestamp":"2024-11-29T19:47:41.463Z"}
{"level":"error","message":"Error while connecting database TypeError: Cannot convert undefined or null to object","timestamp":"2024-11-29T19:48:46.636Z"}
{"level":"error","message":"Error while connecting database MongooseServerSelectionError: getaddrinfo EAI_AGAIN mongo","timestamp":"2024-11-29T19:49:15.603Z"}
{"level":"error","message":"Error while connecting to the database: Cannot read properties of undefined (reading 'databaseName')","timestamp":"2024-11-29T19:51:06.966Z"}
{"level":"error","message":"Error while connecting to the database: Cannot read properties of undefined (reading 'databaseName')","timestamp":"2024-11-29T20:13:47.413Z"}
{"level":"error","message":"Error while connecting to the database: Cannot read properties of undefined (reading 'databaseName')","timestamp":"2024-11-29T20:46:41.234Z"}
{"level":"error","message":"Error while connecting to the database: Cannot read properties of undefined (reading 'databaseName')","timestamp":"2024-11-30T11:30:56.785Z"}
{"level":"error","message":"Error while connecting to the database: connect ECONNREFUSED 127.0.0.1:27017","timestamp":"2024-11-30T11:31:25.782Z"}
{"level":"error","message":"Error while connecting to the database: Cannot read properties of undefined (reading 'databaseName')","timestamp":"2024-11-30T11:33:13.245Z"}
{"level":"error","message":"Error while connecting to the database: Invalid scheme, expected connection string to start with \"mongodb://\" or \"mongodb+srv://\"","timestamp":"2024-11-30T14:47:28.352Z"}
{"level":"error","message":"Error while connecting to the database: Invalid scheme, expected connection string to start with \"mongodb://\" or \"mongodb+srv://\"","timestamp":"2024-11-30T14:47:28.353Z"}
{"level":"error","message":"Error while connecting to the database: Invalid scheme, expected connection string to start with \"mongodb://\" or \"mongodb+srv://\"","timestamp":"2024-11-30T15:08:07.369Z"}
{"level":"error","message":"Error while connecting to the database: Invalid scheme, expected connection string to start with \"mongodb://\" or \"mongodb+srv://\"","timestamp":"2024-11-30T15:08:07.370Z"}
{"level":"error","message":"Error while connecting to the database: Cannot read properties of undefined (reading 'databaseName')","timestamp":"2024-11-30T15:08:35.734Z"}
{"level":"error","message":"Error while connecting to the database: connection.db is not a function","timestamp":"2024-11-30T15:12:14.094Z"}
{"level":"error","message":"Error while connecting to the database: Cannot read properties of undefined (reading 'Promise')","timestamp":"2024-11-30T16:50:41.192Z"}
{"level":"error","message":"Error while connecting to the database: Cannot read properties of undefined (reading 'Promise')","timestamp":"2024-11-30T16:50:41.230Z"}
{"level":"error","message":"Error while connecting to the database: Cannot read properties of undefined (reading 'Promise')","timestamp":"2024-11-30T17:01:46.358Z"}
{"level":"error","message":"Error while connecting to the database: Cannot read properties of undefined (reading 'Promise')","timestamp":"2024-11-30T17:01:46.401Z"}
{"level":"error","message":"Error while connecting to the database: Cannot read properties of undefined (reading 'Promise')","timestamp":"2024-11-30T17:19:12.278Z"}
{"level":"error","message":"Error while connecting to the database: getaddrinfo EAI_AGAIN mongo-c","timestamp":"2024-11-30T17:19:41.153Z"}
{"level":"error","message":"Error while connecting to the database: Cannot read properties of undefined (reading 'Promise')","timestamp":"2024-11-30T17:21:51.966Z"}
{"level":"error","message":"Error while connecting to the database: getaddrinfo EAI_AGAIN mongo-c","timestamp":"2024-11-30T17:22:20.658Z"}
{"level":"error","message":"Error while connecting to the database: Cannot read properties of undefined (reading 'collection')","timestamp":"2024-11-30T17:31:52.008Z"}
{"level":"error","message":"Error while connecting to the database: getaddrinfo EAI_AGAIN mongo-c","timestamp":"2024-11-30T17:32:20.894Z"}
{"level":"error","message":"Error while connecting to the database: Cannot read properties of undefined (reading 'collection')","timestamp":"2024-11-30T17:58:47.445Z"}
{"level":"error","message":"Error while connecting to the database: getaddrinfo EAI_AGAIN mongo-c","timestamp":"2024-11-30T17:59:16.417Z"}
{"level":"error","message":"Error while connecting to the database: Cannot read properties of undefined (reading 'collection')","timestamp":"2024-11-30T18:01:53.246Z"}
{"level":"error","message":"Error while connecting to the database: getaddrinfo EAI_AGAIN mongo-c","timestamp":"2024-11-30T18:02:22.217Z"}
{"level":"error","message":"Error while connecting to the database: Cannot read properties of undefined (reading 'Promise')","timestamp":"2024-11-30T18:03:23.921Z"}
{"level":"error","message":"Error while connecting to the database: getaddrinfo EAI_AGAIN mongo-c","timestamp":"2024-11-30T18:03:52.815Z"}
{"level":"error","message":"Error while connecting to the database: Cannot read properties of undefined (reading 'collection')","timestamp":"2024-11-30T18:06:28.769Z"}
{"level":"error","message":"Error while connecting to the database: getaddrinfo EAI_AGAIN mongo-c","timestamp":"2024-11-30T18:06:57.679Z"}
{"level":"error","message":"Error while connecting to the database: Cannot read properties of undefined (reading 'collection')","timestamp":"2024-11-30T18:07:11.641Z"}
{"level":"error","message":"Error while connecting to the database: Cannot read properties of undefined (reading 'collection')","timestamp":"2024-11-30T18:16:21.112Z"}
{"level":"error","message":"Error while connecting to the database: Cannot read properties of undefined (reading 'collection')","timestamp":"2024-11-30T19:10:35.973Z"}
{"level":"error","message":"Error while connecting to the database: getaddrinfo EAI_AGAIN mongo-c","timestamp":"2024-11-30T19:11:04.848Z"}
{"level":"error","message":"Error while connecting to the database: Cannot read properties of undefined (reading 'collection')","timestamp":"2024-11-30T19:13:43.768Z"}
{"level":"error","message":"Error while connecting to the database: getaddrinfo EAI_AGAIN mongo-c","timestamp":"2024-11-30T19:14:12.493Z"}
{"level":"error","message":"Error while connecting to the database: Cannot read properties of undefined (reading 'collection')","timestamp":"2024-11-30T19:26:27.484Z"}
{"level":"error","message":"Error while connecting to the database: Cannot read properties of undefined (reading 'collection')","timestamp":"2024-11-30T19:30:50.377Z"}
{"level":"error","message":"Error while connecting to the database: Cannot read properties of undefined (reading 'collection')","timestamp":"2024-11-30T19:56:30.103Z"}
{"level":"error","message":"Error while connecting to the database: Cannot read properties of undefined (reading 'collection')","timestamp":"2024-11-30T19:57:39.662Z"}
{"level":"error","message":"Error while connecting to the database: Cannot read properties of undefined (reading 'collection')","timestamp":"2024-11-30T20:00:59.614Z"}
{"level":"error","message":"Error while connecting to the database: getaddrinfo EAI_AGAIN mongo-c","timestamp":"2024-11-30T20:01:28.456Z"}
{"level":"error","message":"Error while connecting to the database: Cannot read properties of undefined (reading 'collection')","timestamp":"2024-11-30T20:01:43.989Z"}
{"level":"error","message":"Error while connecting to the database: getaddrinfo EAI_AGAIN mongo-c","timestamp":"2024-11-30T20:02:12.757Z"}
{"level":"error","message":"Error while connecting to the database: Cannot read properties of undefined (reading 'collection')","timestamp":"2024-11-30T20:02:32.846Z"}
{"level":"error","message":"Error while connecting to the database: getaddrinfo EAI_AGAIN mongo-c","timestamp":"2024-11-30T20:03:01.613Z"}
{"level":"error","message":"Error while connecting to the database: Cannot read properties of undefined (reading 'collection')","timestamp":"2024-11-30T20:03:55.067Z"}
{"level":"error","message":"Error while connecting to the database: getaddrinfo EAI_AGAIN mongo-c","timestamp":"2024-11-30T20:04:23.875Z"}
{"level":"error","message":"Error while connecting to the database: Cannot read properties of undefined (reading 'collection')","timestamp":"2024-11-30T20:06:49.775Z"}
{"level":"error","message":"Error while connecting to the database: getaddrinfo EAI_AGAIN mongo-c","timestamp":"2024-11-30T20:07:18.617Z"}
{"level":"error","message":"Error while connecting to the database: Cannot read properties of undefined (reading 'collection')","timestamp":"2024-11-30T20:07:34.620Z"}
{"level":"error","message":"Error while connecting to the database: getaddrinfo EAI_AGAIN mongo-c","timestamp":"2024-11-30T20:08:03.418Z"}
{"level":"error","message":"Error while connecting to the database: Cannot read properties of undefined (reading 'collection')","timestamp":"2024-12-01T09:43:29.606Z"}
{"level":"error","message":"Error while connecting to the database: getaddrinfo EAI_AGAIN mongo-c","timestamp":"2024-12-01T09:43:58.455Z"}
{"level":"error","message":"Error while connecting to the database: Cannot read properties of undefined (reading 'collection')","timestamp":"2024-12-01T09:44:17.166Z"}
{"level":"error","message":"Error while connecting to the database: getaddrinfo EAI_AGAIN mongo-c","timestamp":"2024-12-01T09:44:45.737Z"}
{"level":"error","message":"Error while connecting to the database: Cannot read properties of undefined (reading 'collection')","timestamp":"2024-12-01T09:48:33.888Z"}
{"level":"error","message":"Error while connecting to the database: Cannot read properties of undefined (reading 'collection')","timestamp":"2024-12-01T10:37:05.047Z"}
{"level":"error","message":"Error while connecting to the database: Cannot read properties of undefined (reading 'collection')","timestamp":"2024-12-01T10:55:56.318Z"}
{"level":"error","message":"Error while connecting to the database: Cannot read properties of undefined (reading 'collection')","timestamp":"2024-12-01T11:06:49.769Z"}
{"level":"error","message":"Error while connecting to the database: Cannot read properties of undefined (reading 'collection')","timestamp":"2024-12-01T11:19:20.498Z"}
{"level":"error","message":"Error while connecting to the database: Cannot read properties of undefined (reading 'collection')","timestamp":"2024-12-01T11:21:30.646Z"}
{"level":"error","message":"Error while connecting to the database: Cannot read properties of undefined (reading 'collection')","timestamp":"2024-12-01T11:25:52.589Z"}
{"level":"error","message":"Error while connecting to the database: Cannot read properties of undefined (reading 'collection')","timestamp":"2024-12-01T11:43:41.466Z"}
{"level":"error","message":"Error while connecting to the database: Cannot read properties of undefined (reading 'collection')","timestamp":"2024-12-01T11:44:30.035Z"}
{"level":"error","message":"Error while connecting to the database: Cannot read properties of undefined (reading 'collection')","timestamp":"2024-12-01T11:45:28.428Z"}
{"level":"error","message":"Error while connecting to the database: Cannot read properties of undefined (reading 'collection')","timestamp":"2024-12-01T11:45:56.407Z"}
{"level":"error","message":"Error while connecting to the database: Cannot read properties of undefined (reading 'collection')","timestamp":"2024-12-01T11:47:00.027Z"}
{"level":"error","message":"Error while connecting to the database: Cannot read properties of undefined (reading 'collection')","timestamp":"2024-12-01T11:49:58.968Z"}
{"level":"error","message":"Error while connecting to the database: Cannot read properties of undefined (reading 'collection')","timestamp":"2024-12-01T12:23:15.923Z"}
{"level":"error","message":"Error while connecting to the database: Cannot read properties of undefined (reading 'collection')","timestamp":"2024-12-01T16:25:46.981Z"}
{"level":"error","message":"Error while connecting to the database: Cannot read properties of undefined (reading 'collection')","timestamp":"2024-12-01T16:28:45.921Z"}
{"level":"error","message":"Error while connecting to the database: Cannot read properties of undefined (reading 'collection')","timestamp":"2024-12-01T16:29:21.427Z"}
{"level":"error","message":"Error while connecting to the database: Cannot read properties of undefined (reading 'collection')","timestamp":"2024-12-01T16:29:55.765Z"}
{"level":"error","message":"Error while connecting to the database: Cannot read properties of undefined (reading 'collection')","timestamp":"2024-12-01T16:53:17.805Z"}
{"level":"error","message":"Error while connecting to the database: Cannot read properties of undefined (reading 'collection')","timestamp":"2024-12-01T16:55:35.788Z"}
{"level":"error","message":"Error while connecting to the database: Cannot read properties of undefined (reading 'collection')","timestamp":"2024-12-01T16:56:18.710Z"}
{"level":"error","message":"Error while connecting to the database: Cannot read properties of undefined (reading 'collection')","timestamp":"2024-12-01T16:58:18.355Z"}
{"level":"error","message":"Error while connecting to the database: Cannot read properties of undefined (reading 'collection')","timestamp":"2024-12-01T17:04:52.408Z"}
{"level":"error","message":"Error while connecting to the database: Cannot read properties of undefined (reading 'collection')","timestamp":"2024-12-01T17:18:11.335Z"}
{"level":"error","message":"Error while connecting to the database: Cannot read properties of undefined (reading 'collection')","timestamp":"2024-12-01T17:24:16.608Z"}
{"level":"error","message":"Error while connecting to the database: Cannot read properties of undefined (reading 'collection')","timestamp":"2024-12-01T17:40:53.298Z"}
{"level":"error","message":"Error while connecting to the database: Cannot read properties of undefined (reading 'collection')","timestamp":"2024-12-01T18:05:26.793Z"}
{"level":"error","message":"Error while connecting to the database: Cannot read properties of undefined (reading 'collection')","timestamp":"2024-12-01T18:06:19.622Z"}
{"level":"error","message":"Error while connecting to the database: Cannot read properties of undefined (reading 'collection')","timestamp":"2024-12-01T18:08:17.529Z"}
{"level":"error","message":"Error while connecting to the database: Cannot read properties of undefined (reading 'collection')","timestamp":"2024-12-01T18:08:36.205Z"}
{"level":"error","message":"Error while connecting to the database: Cannot read properties of undefined (reading 'collection')","timestamp":"2024-12-01T18:08:59.343Z"}
{"level":"error","message":"Error while connecting to the database: Cannot read properties of undefined (reading 'collection')","timestamp":"2024-12-01T18:10:03.899Z"}
{"level":"error","message":"Error while connecting to the database: Cannot read properties of undefined (reading 'collection')","timestamp":"2024-12-02T16:40:02.343Z"}
{"level":"error","message":"Error while connecting to the database: Cannot read properties of undefined (reading 'collection')","timestamp":"2024-12-02T16:40:15.076Z"}
{"level":"error","message":"Error while connecting to the database: Cannot read properties of undefined (reading 'collection')","timestamp":"2024-12-02T16:41:27.170Z"}
{"level":"error","message":"Error while connecting to the database: Cannot read properties of undefined (reading 'collection')","timestamp":"2024-12-02T17:48:18.498Z"}
{"level":"error","message":"Error while connecting to the database: Cannot read properties of undefined (reading 'collection')","timestamp":"2024-12-02T18:04:49.392Z"}
{"level":"error","message":"Error while connecting to the database: Cannot read properties of undefined (reading 'collection')","timestamp":"2024-12-02T18:17:11.468Z"}
{"level":"error","message":"Error while connecting to the database: Cannot read properties of undefined (reading 'collection')","timestamp":"2024-12-02T18:20:17.785Z"}
{"level":"error","message":"Error while connecting to the database: Cannot read properties of undefined (reading 'collection')","timestamp":"2024-12-02T18:20:51.055Z"}
{"level":"error","message":"Error while connecting to the database: Cannot read properties of undefined (reading 'collection')","timestamp":"2024-12-02T18:21:49.495Z"}
{"level":"error","message":"Error while connecting to the database: Cannot read properties of undefined (reading 'collection')","timestamp":"2024-12-02T18:24:46.406Z"}
{"level":"error","message":"Error while connecting to the database: Cannot read properties of undefined (reading 'collection')","timestamp":"2024-12-02T18:34:26.472Z"}
{"level":"error","message":"Error while connecting to the database: Cannot read properties of undefined (reading 'collection')","timestamp":"2024-12-02T18:42:39.887Z"}
{"level":"error","message":"Error while connecting to the database: Cannot read properties of undefined (reading 'collection')","timestamp":"2024-12-02T18:44:00.528Z"}
{"level":"error","message":"Error loading sanctions:","timestamp":"2024-12-02T18:44:08.388Z"}
{"level":"error","message":"Error while connecting to the database: Cannot read properties of undefined (reading 'collection')","timestamp":"2024-12-02T18:45:41.271Z"}
{"level":"error","message":"Error while connecting to the database: Cannot read properties of undefined (reading 'collection')","timestamp":"2024-12-02T18:47:29.636Z"}
{"level":"error","message":"Error while connecting to the database: Cannot read properties of undefined (reading 'collection')","timestamp":"2024-12-02T18:49:08.884Z"}
{"level":"error","message":"Error while connecting to the database: Cannot read properties of undefined (reading 'collection')","timestamp":"2024-12-02T18:50:52.012Z"}
{"level":"error","message":"Error while connecting to the database: Cannot read properties of undefined (reading 'collection')","timestamp":"2024-12-02T18:57:36.355Z"}
{"level":"error","message":"Error loading sanctions:","timestamp":"2024-12-02T18:58:10.559Z"}
{"level":"error","message":"Error while connecting to the database: Cannot read properties of undefined (reading 'collection')","timestamp":"2024-12-02T18:58:53.640Z"}
{"level":"error","message":"Error loading sanctions: Update document requires atomic operators","timestamp":"2024-12-02T18:59:24.461Z"}
{"level":"error","message":"Error while connecting to the database: Cannot read properties of undefined (reading 'collection')","timestamp":"2024-12-02T19:00:09.790Z"}
{"level":"error","message":"Error while connecting to the database: Cannot read properties of undefined (reading 'collection')","timestamp":"2024-12-02T19:15:21.870Z"}
{"level":"error","message":"Error while connecting to the database: Cannot read properties of undefined (reading 'collection')","timestamp":"2024-12-02T19:32:12.327Z"}
{"level":"error","message":"Error while connecting to the database: Cannot read properties of undefined (reading 'collection')","timestamp":"2024-12-02T19:32:39.030Z"}
{"level":"error","message":"Error while connecting to the database: Cannot read properties of undefined (reading 'collection')","timestamp":"2024-12-02T19:33:41.492Z"}
{"level":"error","message":"Error while connecting to the database: Cannot read properties of undefined (reading 'collection')","timestamp":"2024-12-03T16:08:33.248Z"}
{"level":"error","message":"Error while connecting to the database: Cannot read properties of undefined (reading 'collection')","timestamp":"2024-12-03T17:54:15.570Z"}
{"level":"error","message":"Error while connecting to the database: Cannot read properties of undefined (reading 'collection')","timestamp":"2024-12-03T17:55:58.862Z"}
{"level":"error","message":"Error while connecting to the database: Cannot read properties of undefined (reading 'collection')","timestamp":"2024-12-03T18:17:16.795Z"}
{"level":"error","message":"Error while connecting to the database: Cannot read properties of undefined (reading 'collection')","timestamp":"2024-12-03T18:48:12.733Z"}
{"level":"error","message":"Error while connecting to the database: Cannot read properties of undefined (reading 'collection')","timestamp":"2024-12-03T18:52:34.829Z"}
{"level":"error","message":"Error while connecting to the database: Cannot read properties of undefined (reading 'collection')","timestamp":"2024-12-03T18:57:58.737Z"}
{"level":"error","message":"Error while connecting to the database: Cannot read properties of undefined (reading 'collection')","timestamp":"2024-12-03T19:03:17.361Z"}
{"level":"error","message":"Error while connecting to the database: Cannot read properties of undefined (reading 'collection')","timestamp":"2024-12-03T19:03:58.829Z"}
{"level":"error","message":"Error while connecting to the database: Cannot read properties of undefined (reading 'collection')","timestamp":"2024-12-03T19:20:26.533Z"}
{"level":"error","message":"Error while connecting to the database: Cannot read properties of undefined (reading 'collection')","timestamp":"2024-12-03T19:26:20.485Z"}
{"level":"error","message":"Error while connecting to the database: Cannot read properties of undefined (reading 'collection')","timestamp":"2024-12-03T19:27:20.375Z"}
{"level":"error","message":"Error while connecting to the database: Cannot read properties of undefined (reading 'collection')","timestamp":"2024-12-03T19:27:41.036Z"}
{"level":"error","message":"Error while connecting to the database: Cannot read properties of undefined (reading 'collection')","timestamp":"2024-12-03T19:28:54.855Z"}
{"level":"error","message":"Executing database search with query:","timestamp":"2024-12-03T19:29:00.395Z"}
{"level":"error","message":"Error while connecting to the database: Cannot read properties of undefined (reading 'collection')","timestamp":"2024-12-03T19:29:24.803Z"}
{"level":"error","message":"HEREREREREREER:","timestamp":"2024-12-03T19:29:34.444Z"}
{"level":"error","message":"Error while connecting to the database: Cannot read properties of undefined (reading 'collection')","timestamp":"2024-12-03T19:30:20.578Z"}
{"level":"error","message":"HEREREREREREER:","timestamp":"2024-12-03T19:30:28.077Z"}
{"level":"error","message":"Error while connecting to the database: Cannot read properties of undefined (reading 'collection')","timestamp":"2024-12-03T19:31:00.101Z"}
{"level":"error","message":"HEREREREREREER:","timestamp":"2024-12-03T19:31:02.699Z"}
{"level":"error","message":"Error while connecting to the database: Cannot read properties of undefined (reading 'collection')","timestamp":"2024-12-03T19:31:32.687Z"}
{"level":"error","message":"Error while connecting to the database: Cannot read properties of undefined (reading 'collection')","timestamp":"2024-12-03T19:32:54.188Z"}
{"level":"error","message":"HEREREREREREER:","timestamp":"2024-12-03T19:33:09.623Z"}
{"level":"error","message":"Error while connecting to the database: Cannot read properties of undefined (reading 'collection')","timestamp":"2024-12-03T19:33:49.573Z"}
{"$regex":{},"level":"error","message":"HEREREREREREER:","timestamp":"2024-12-03T19:33:53.774Z"}
{"level":"error","message":"Error while connecting to the database: Cannot read properties of undefined (reading 'collection')","timestamp":"2024-12-03T19:34:37.853Z"}
{"$regex":{},"level":"error","message":"HEREREREREREER:","timestamp":"2024-12-03T19:34:42.131Z"}
{"level":"error","message":"Error while connecting to the database: Cannot read properties of undefined (reading 'collection')","timestamp":"2024-12-03T19:37:24.426Z"}
{"$regex":{},"level":"error","message":"HEREREREREREER:","timestamp":"2024-12-03T19:37:34.604Z"}
{"level":"error","message":"Error while connecting to the database: Cannot read properties of undefined (reading 'collection')","timestamp":"2024-12-03T19:40:15.023Z"}
{"$regex":{},"level":"error","message":"HEREREREREREER:","timestamp":"2024-12-03T19:40:30.655Z"}
{"level":"error","message":"Error while connecting to the database: Cannot read properties of undefined (reading 'collection')","timestamp":"2024-12-03T19:41:13.337Z"}
{"$regex":{},"level":"error","message":"HEREREREREREER:","timestamp":"2024-12-03T19:41:16.938Z"}
{"level":"error","message":"Error while connecting to the database: Cannot read properties of undefined (reading 'collection')","timestamp":"2024-12-03T19:41:36.468Z"}
{"$regex":{},"level":"error","message":"HEREREREREREER:","timestamp":"2024-12-03T19:41:41.666Z"}
{"level":"error","message":"Error while connecting to the database: Cannot read properties of undefined (reading 'collection')","timestamp":"2024-12-03T19:42:36.658Z"}
{"$regex":{},"level":"error","message":"HEREREREREREER:","timestamp":"2024-12-03T19:42:44.383Z"}
{"level":"error","message":"Error while connecting to the database: Cannot read properties of undefined (reading 'collection')","timestamp":"2024-12-03T19:43:11.848Z"}
{"level":"error","message":"Error while connecting to the database: Cannot read properties of undefined (reading 'collection')","timestamp":"2024-12-03T19:45:34.448Z"}
{"$regex":{},"level":"error","message":"HEREREREREREER:","timestamp":"2024-12-03T19:45:53.888Z"}
{"level":"error","message":"Error while connecting to the database: Cannot read properties of undefined (reading 'collection')","timestamp":"2024-12-03T19:47:16.871Z"}
{"$regex":{},"level":"error","message":"HEREREREREREER:","timestamp":"2024-12-03T19:47:19.807Z"}
{"level":"error","message":"Error while connecting to the database: Cannot read properties of undefined (reading 'collection')","timestamp":"2024-12-03T19:47:44.802Z"}
{"$regex":{},"level":"error","message":"HEREREREREREER:","timestamp":"2024-12-03T19:47:46.819Z"}
{"level":"error","message":"Error while connecting to the database: Cannot read properties of undefined (reading 'collection')","timestamp":"2024-12-03T19:48:24.666Z"}
{"level":"error","message":"HEREREREREREER:","timestamp":"2024-12-03T19:48:30.648Z"}
{"level":"error","message":"Error while connecting to the database: Cannot read properties of undefined (reading 'collection')","timestamp":"2024-12-03T19:49:44.123Z"}
{"level":"error","message":"HEREREREREREER:","name":{"$regex":{}},"placeOfBirth.country":{"$exists":true,"$regex":{}},"timestamp":"2024-12-03T19:49:45.978Z"}
{"level":"error","message":"Error while connecting to the database: Cannot read properties of undefined (reading 'collection')","timestamp":"2024-12-03T19:50:16.913Z"}
{"level":"error","message":"HEREREREREREER:","name":{"$regex":{}},"placeOfBirth.country":{"$exists":true,"$regex":"Mexico"},"timestamp":"2024-12-03T19:50:20.614Z"}
{"level":"error","message":"Error while connecting to the database: Cannot read properties of undefined (reading 'collection')","timestamp":"2024-12-03T19:50:39.656Z"}
{"level":"error","message":"Error while connecting to the database: Cannot read properties of undefined (reading 'collection')","timestamp":"2024-12-03T19:51:20.588Z"}
{"level":"error","message":"HEREREREREREER:","name":{"$regex":{}},"placeOfBirth.country":{"$exists":true,"$regex":{}},"timestamp":"2024-12-03T19:51:28.977Z"}
{"level":"error","message":"HEREREREREREER:","name":{"$regex":{}},"timestamp":"2024-12-03T19:52:31.427Z"}
{"level":"error","message":"HEREREREREREER:","name":{"$regex":{}},"timestamp":"2024-12-03T19:52:43.320Z"}
{"level":"error","message":"HEREREREREREER:","timestamp":"2024-12-03T19:52:54.644Z"}
{"level":"error","message":"HEREREREREREER:","name":{"$regex":{}},"timestamp":"2024-12-03T19:53:17.375Z"}
{"level":"error","message":"HEREREREREREER:","name":{"$regex":{}},"timestamp":"2024-12-03T19:53:26.436Z"}
{"level":"error","message":"HEREREREREREER:","name":{"$regex":{}},"placeOfBirth.country":{"$exists":true,"$regex":{}},"timestamp":"2024-12-03T19:53:34.812Z"}
{"level":"error","message":"HEREREREREREER:","name":{"$regex":{}},"timestamp":"2024-12-03T19:53:39.059Z"}
{"level":"error","message":"HEREREREREREER:","name":{"$regex":{}},"timestamp":"2024-12-03T19:53:53.572Z"}
{"level":"error","message":"HEREREREREREER:","name":{"$regex":{}},"timestamp":"2024-12-03T19:53:57.204Z"}
{"level":"error","message":"Error while connecting to the database: Cannot read properties of undefined (reading 'collection')","timestamp":"2024-12-03T19:55:11.535Z"}
{"level":"error","message":"HEREREREREREER:","name":{"$regex":{}},"timestamp":"2024-12-03T19:55:22.920Z"}
{"country":{"$exists":true,"$regex":{}},"level":"error","message":"HEREREREREREER:","name":{"$regex":{}},"timestamp":"2024-12-03T19:55:38.702Z"}
{"country":{"$exists":true,"$regex":{}},"level":"error","message":"HEREREREREREER:","name":{"$regex":{}},"timestamp":"2024-12-03T19:56:06.630Z"}
{"country":{"$exists":true,"$regex":{}},"level":"error","message":"HEREREREREREER:","name":{"$regex":{}},"timestamp":"2024-12-03T19:56:13.237Z"}
{"level":"error","message":"Error while connecting to the database: Cannot read properties of undefined (reading 'collection')","timestamp":"2024-12-03T19:56:58.814Z"}
{"level":"error","message":"Error while connecting to the database: Cannot read properties of undefined (reading 'collection')","timestamp":"2024-12-03T19:58:06.691Z"}
{"level":"error","message":"Error while connecting to the database: Cannot read properties of undefined (reading 'collection')","timestamp":"2024-12-03T19:58:24.450Z"}
{"level":"error","message":"Error while connecting to the database: Cannot read properties of undefined (reading 'collection')","timestamp":"2024-12-03T20:11:41.676Z"}
{"level":"error","message":"Error while connecting to the database: Cannot read properties of undefined (reading 'collection')","timestamp":"2024-12-03T20:12:31.971Z"}
{"level":"error","message":"Error while connecting to the database: Cannot read properties of undefined (reading 'collection')","timestamp":"2024-12-03T20:13:02.596Z"}
